This is pdfTeX, Version 3.141592653-2.6-1.40.26 (MiKTeX 24.4) (preloaded format=pdflatex 2025.1.20)  10 MAR 2025 17:01
entering extended mode
 restricted \write18 enabled.
 file:line:error style messages enabled.
 %&-line parsing enabled.
**"c:/Users/Marcos/Documents/VS Code/etf/fintech-brasil/article-etf-fintech-brasil.tex"
(c:/Users/Marcos/Documents/VS Code/etf/fintech-brasil/article-etf-fintech-brasil.tex
LaTeX2e <2024-11-01> patch level 1
L3 programming layer <2024-12-25>
(C:\Users\Marcos\AppData\Local\Programs\MiKTeX\tex/latex/base\article.cls
Document Class: article 2024/06/29 v1.4n Standard LaTeX document class
(C:\Users\Marcos\AppData\Local\Programs\MiKTeX\tex/latex/base\size12.clo
File: size12.clo 2024/06/29 v1.4n Standard LaTeX file (size option)
)
\c@part=\count196
\c@section=\count197
\c@subsection=\count198
\c@subsubsection=\count199
\c@paragraph=\count266
\c@subparagraph=\count267
\c@figure=\count268
\c@table=\count269
\abovecaptionskip=\skip49
\belowcaptionskip=\skip50
\bibindent=\dimen141
) (C:\Users\Marcos\AppData\Local\Programs\MiKTeX\tex/latex/base\inputenc.sty
Package: inputenc 2024/02/08 v1.3d Input encoding file
\inpenc@prehook=\toks17
\inpenc@posthook=\toks18
) (C:\Users\Marcos\AppData\Local\Programs\MiKTeX\tex/latex/base\fontenc.sty
Package: fontenc 2021/04/29 v2.0v Standard LaTeX package
) (C:\Users\Marcos\AppData\Local\Programs\MiKTeX\tex/latex/lm\lmodern.sty
Package: lmodern 2015/05/01 v1.6.1 Latin Modern Fonts
LaTeX Font Info:    Overwriting symbol font `operators' in version `normal'
(Font)                  OT1/cmr/m/n --> OT1/lmr/m/n on input line 22.
LaTeX Font Info:    Overwriting symbol font `letters' in version `normal'
(Font)                  OML/cmm/m/it --> OML/lmm/m/it on input line 23.
LaTeX Font Info:    Overwriting symbol font `symbols' in version `normal'
(Font)                  OMS/cmsy/m/n --> OMS/lmsy/m/n on input line 24.
LaTeX Font Info:    Overwriting symbol font `largesymbols' in version `normal'
(Font)                  OMX/cmex/m/n --> OMX/lmex/m/n on input line 25.
LaTeX Font Info:    Overwriting symbol font `operators' in version `bold'
(Font)                  OT1/cmr/bx/n --> OT1/lmr/bx/n on input line 26.
LaTeX Font Info:    Overwriting symbol font `letters' in version `bold'
(Font)                  OML/cmm/b/it --> OML/lmm/b/it on input line 27.
LaTeX Font Info:    Overwriting symbol font `symbols' in version `bold'
(Font)                  OMS/cmsy/b/n --> OMS/lmsy/b/n on input line 28.
LaTeX Font Info:    Overwriting symbol font `largesymbols' in version `bold'
(Font)                  OMX/cmex/m/n --> OMX/lmex/m/n on input line 29.
LaTeX Font Info:    Overwriting math alphabet `\mathbf' in version `normal'
(Font)                  OT1/cmr/bx/n --> OT1/lmr/bx/n on input line 31.
LaTeX Font Info:    Overwriting math alphabet `\mathsf' in version `normal'
(Font)                  OT1/cmss/m/n --> OT1/lmss/m/n on input line 32.
LaTeX Font Info:    Overwriting math alphabet `\mathit' in version `normal'
(Font)                  OT1/cmr/m/it --> OT1/lmr/m/it on input line 33.
LaTeX Font Info:    Overwriting math alphabet `\mathtt' in version `normal'
(Font)                  OT1/cmtt/m/n --> OT1/lmtt/m/n on input line 34.
LaTeX Font Info:    Overwriting math alphabet `\mathbf' in version `bold'
(Font)                  OT1/cmr/bx/n --> OT1/lmr/bx/n on input line 35.
LaTeX Font Info:    Overwriting math alphabet `\mathsf' in version `bold'
(Font)                  OT1/cmss/bx/n --> OT1/lmss/bx/n on input line 36.
LaTeX Font Info:    Overwriting math alphabet `\mathit' in version `bold'
(Font)                  OT1/cmr/bx/it --> OT1/lmr/bx/it on input line 37.
LaTeX Font Info:    Overwriting math alphabet `\mathtt' in version `bold'
(Font)                  OT1/cmtt/m/n --> OT1/lmtt/m/n on input line 38.
) (C:\Users\Marcos\AppData\Local\Programs\MiKTeX\tex/latex/amsmath\amsmath.sty
Package: amsmath 2024/11/05 v2.17t AMS math features
\@mathmargin=\skip51

For additional information on amsmath, use the `?' option.
(C:\Users\Marcos\AppData\Local\Programs\MiKTeX\tex/latex/amsmath\amstext.sty
Package: amstext 2021/08/26 v2.01 AMS text
 (C:\Users\Marcos\AppData\Local\Programs\MiKTeX\tex/latex/amsmath\amsgen.sty
File: amsgen.sty 1999/11/30 v2.0 generic functions
\@emptytoks=\toks19
\ex@=\dimen142
)) (C:\Users\Marcos\AppData\Local\Programs\MiKTeX\tex/latex/amsmath\amsbsy.sty
Package: amsbsy 1999/11/29 v1.2d Bold Symbols
\pmbraise@=\dimen143
) (C:\Users\Marcos\AppData\Local\Programs\MiKTeX\tex/latex/amsmath\amsopn.sty
Package: amsopn 2022/04/08 v2.04 operator names
)
\inf@bad=\count270
LaTeX Info: Redefining \frac on input line 233.
\uproot@=\count271
\leftroot@=\count272
LaTeX Info: Redefining \overline on input line 398.
LaTeX Info: Redefining \colon on input line 409.
\classnum@=\count273
\DOTSCASE@=\count274
LaTeX Info: Redefining \ldots on input line 495.
LaTeX Info: Redefining \dots on input line 498.
LaTeX Info: Redefining \cdots on input line 619.
\Mathstrutbox@=\box52
\strutbox@=\box53
LaTeX Info: Redefining \big on input line 721.
LaTeX Info: Redefining \Big on input line 722.
LaTeX Info: Redefining \bigg on input line 723.
LaTeX Info: Redefining \Bigg on input line 724.
\big@size=\dimen144
LaTeX Font Info:    Redeclaring font encoding OML on input line 742.
LaTeX Font Info:    Redeclaring font encoding OMS on input line 743.
\macc@depth=\count275
LaTeX Info: Redefining \bmod on input line 904.
LaTeX Info: Redefining \pmod on input line 909.
LaTeX Info: Redefining \smash on input line 939.
LaTeX Info: Redefining \relbar on input line 969.
LaTeX Info: Redefining \Relbar on input line 970.
\c@MaxMatrixCols=\count276
\dotsspace@=\muskip17
\c@parentequation=\count277
\dspbrk@lvl=\count278
\tag@help=\toks20
\row@=\count279
\column@=\count280
\maxfields@=\count281
\andhelp@=\toks21
\eqnshift@=\dimen145
\alignsep@=\dimen146
\tagshift@=\dimen147
\tagwidth@=\dimen148
\totwidth@=\dimen149
\lineht@=\dimen150
\@envbody=\toks22
\multlinegap=\skip52
\multlinetaggap=\skip53
\mathdisplay@stack=\toks23
LaTeX Info: Redefining \[ on input line 2953.
LaTeX Info: Redefining \] on input line 2954.
) (C:\Users\Marcos\AppData\Local\Programs\MiKTeX\tex/latex/amsfonts\amssymb.sty
Package: amssymb 2013/01/14 v3.01 AMS font symbols
 (C:\Users\Marcos\AppData\Local\Programs\MiKTeX\tex/latex/amsfonts\amsfonts.sty
Package: amsfonts 2013/01/14 v3.01 Basic AMSFonts support
\symAMSa=\mathgroup4
\symAMSb=\mathgroup5
LaTeX Font Info:    Redeclaring math symbol \hbar on input line 98.
LaTeX Font Info:    Overwriting math alphabet `\mathfrak' in version `bold'
(Font)                  U/euf/m/n --> U/euf/b/n on input line 106.
)) (C:\Users\Marcos\AppData\Local\Programs\MiKTeX\tex/latex/geometry\geometry.sty
Package: geometry 2020/01/02 v5.9 Page Geometry
 (C:\Users\Marcos\AppData\Local\Programs\MiKTeX\tex/latex/graphics\keyval.sty
Package: keyval 2022/05/29 v1.15 key=value parser (DPC)
\KV@toks@=\toks24
) (C:\Users\Marcos\AppData\Local\Programs\MiKTeX\tex/generic/iftex\ifvtex.sty
Package: ifvtex 2019/10/25 v1.7 ifvtex legacy package. Use iftex instead.
 (C:\Users\Marcos\AppData\Local\Programs\MiKTeX\tex/generic/iftex\iftex.sty
Package: iftex 2024/12/12 v1.0g TeX engine tests
))
\Gm@cnth=\count282
\Gm@cntv=\count283
\c@Gm@tempcnt=\count284
\Gm@bindingoffset=\dimen151
\Gm@wd@mp=\dimen152
\Gm@odd@mp=\dimen153
\Gm@even@mp=\dimen154
\Gm@layoutwidth=\dimen155
\Gm@layoutheight=\dimen156
\Gm@layouthoffset=\dimen157
\Gm@layoutvoffset=\dimen158
\Gm@dimlist=\toks25
 (C:\Users\Marcos\AppData\Local\Programs\MiKTeX\tex/latex/geometry\geometry.cfg)) (C:\Users\Marcos\AppData\Local\Programs\MiKTeX\tex/latex/hyperref\hyperref.sty
Package: hyperref 2024-11-05 v7.01l Hypertext links for LaTeX
 (C:\Users\Marcos\AppData\Local\Programs\MiKTeX\tex/latex/kvsetkeys\kvsetkeys.sty
Package: kvsetkeys 2022-10-05 v1.19 Key value parser (HO)
) (C:\Users\Marcos\AppData\Local\Programs\MiKTeX\tex/generic/kvdefinekeys\kvdefinekeys.sty
Package: kvdefinekeys 2019-12-19 v1.6 Define keys (HO)
) (C:\Users\Marcos\AppData\Local\Programs\MiKTeX\tex/generic/pdfescape\pdfescape.sty
Package: pdfescape 2019/12/09 v1.15 Implements pdfTeX's escape features (HO)
 (C:\Users\Marcos\AppData\Local\Programs\MiKTeX\tex/generic/ltxcmds\ltxcmds.sty
Package: ltxcmds 2023-12-04 v1.26 LaTeX kernel commands for general use (HO)
) (C:\Users\Marcos\AppData\Local\Programs\MiKTeX\tex/generic/pdftexcmds\pdftexcmds.sty
Package: pdftexcmds 2020-06-27 v0.33 Utility functions of pdfTeX for LuaTeX (HO)
 (C:\Users\Marcos\AppData\Local\Programs\MiKTeX\tex/generic/infwarerr\infwarerr.sty
Package: infwarerr 2019/12/03 v1.5 Providing info/warning/error messages (HO)
)
Package pdftexcmds Info: \pdf@primitive is available.
Package pdftexcmds Info: \pdf@ifprimitive is available.
Package pdftexcmds Info: \pdfdraftmode found.
)) (C:\Users\Marcos\AppData\Local\Programs\MiKTeX\tex/latex/hycolor\hycolor.sty
Package: hycolor 2020-01-27 v1.10 Color options for hyperref/bookmark (HO)
) (C:\Users\Marcos\AppData\Local\Programs\MiKTeX\tex/latex/hyperref\nameref.sty
Package: nameref 2023-11-26 v2.56 Cross-referencing by name of section
 (C:\Users\Marcos\AppData\Local\Programs\MiKTeX\tex/latex/refcount\refcount.sty
Package: refcount 2019/12/15 v3.6 Data extraction from label references (HO)
) (C:\Users\Marcos\AppData\Local\Programs\MiKTeX\tex/generic/gettitlestring\gettitlestring.sty
Package: gettitlestring 2019/12/15 v1.6 Cleanup title references (HO)
 (C:\Users\Marcos\AppData\Local\Programs\MiKTeX\tex/latex/kvoptions\kvoptions.sty
Package: kvoptions 2022-06-15 v3.15 Key value format for package options (HO)
))
\c@section@level=\count285
) (C:\Users\Marcos\AppData\Local\Programs\MiKTeX\tex/latex/etoolbox\etoolbox.sty
Package: etoolbox 2020/10/05 v2.5k e-TeX tools for LaTeX (JAW)
\etb@tempcnta=\count286
) (C:\Users\Marcos\AppData\Local\Programs\MiKTeX\tex/generic/stringenc\stringenc.sty
Package: stringenc 2019/11/29 v1.12 Convert strings between diff. encodings (HO)
)
\@linkdim=\dimen159
\Hy@linkcounter=\count287
\Hy@pagecounter=\count288
 (C:\Users\Marcos\AppData\Local\Programs\MiKTeX\tex/latex/hyperref\pd1enc.def
File: pd1enc.def 2024-11-05 v7.01l Hyperref: PDFDocEncoding definition (HO)
Now handling font encoding PD1 ...
... no UTF-8 mapping file for font encoding PD1
) (C:\Users\Marcos\AppData\Local\Programs\MiKTeX\tex/generic/intcalc\intcalc.sty
Package: intcalc 2019/12/15 v1.3 Expandable calculations with integers (HO)
)
\Hy@SavedSpaceFactor=\count289
 (C:\Users\Marcos\AppData\Local\Programs\MiKTeX\tex/latex/hyperref\puenc.def
File: puenc.def 2024-11-05 v7.01l Hyperref: PDF Unicode definition (HO)
Now handling font encoding PU ...
... no UTF-8 mapping file for font encoding PU
)
Package hyperref Info: Hyper figures OFF on input line 4157.
Package hyperref Info: Link nesting OFF on input line 4162.
Package hyperref Info: Hyper index ON on input line 4165.
Package hyperref Info: Plain pages OFF on input line 4172.
Package hyperref Info: Backreferencing OFF on input line 4177.
Package hyperref Info: Implicit mode ON; LaTeX internals redefined.
Package hyperref Info: Bookmarks ON on input line 4424.
\c@Hy@tempcnt=\count290
 (C:\Users\Marcos\AppData\Local\Programs\MiKTeX\tex/latex/url\url.sty
\Urlmuskip=\muskip18
Package: url 2013/09/16  ver 3.4  Verb mode for urls, etc.
)
LaTeX Info: Redefining \url on input line 4763.
\XeTeXLinkMargin=\dimen160
 (C:\Users\Marcos\AppData\Local\Programs\MiKTeX\tex/generic/bitset\bitset.sty
Package: bitset 2019/12/09 v1.3 Handle bit-vector datatype (HO)
 (C:\Users\Marcos\AppData\Local\Programs\MiKTeX\tex/generic/bigintcalc\bigintcalc.sty
Package: bigintcalc 2019/12/15 v1.5 Expandable calculations on big integers (HO)
))
\Fld@menulength=\count291
\Field@Width=\dimen161
\Fld@charsize=\dimen162
Package hyperref Info: Hyper figures OFF on input line 6042.
Package hyperref Info: Link nesting OFF on input line 6047.
Package hyperref Info: Hyper index ON on input line 6050.
Package hyperref Info: backreferencing OFF on input line 6057.
Package hyperref Info: Link coloring OFF on input line 6062.
Package hyperref Info: Link coloring with OCG OFF on input line 6067.
Package hyperref Info: PDF/A mode OFF on input line 6072.
 (C:\Users\Marcos\AppData\Local\Programs\MiKTeX\tex/latex/base\atbegshi-ltx.sty
Package: atbegshi-ltx 2021/01/10 v1.0c Emulation of the original atbegshi
package with kernel methods
)
\Hy@abspage=\count292
\c@Item=\count293
\c@Hfootnote=\count294
)
Package hyperref Info: Driver (autodetected): hpdftex.
 (C:\Users\Marcos\AppData\Local\Programs\MiKTeX\tex/latex/hyperref\hpdftex.def
File: hpdftex.def 2024-11-05 v7.01l Hyperref driver for pdfTeX
 (C:\Users\Marcos\AppData\Local\Programs\MiKTeX\tex/latex/base\atveryend-ltx.sty
Package: atveryend-ltx 2020/08/19 v1.0a Emulation of the original atveryend package
with kernel methods
)
\Fld@listcount=\count295
\c@bookmark@seq@number=\count296
 (C:\Users\Marcos\AppData\Local\Programs\MiKTeX\tex/latex/rerunfilecheck\rerunfilecheck.sty
Package: rerunfilecheck 2022-07-10 v1.10 Rerun checks for auxiliary files (HO)
 (C:\Users\Marcos\AppData\Local\Programs\MiKTeX\tex/generic/uniquecounter\uniquecounter.sty
Package: uniquecounter 2019/12/15 v1.4 Provide unlimited unique counter (HO)
)
Package uniquecounter Info: New unique counter `rerunfilecheck' on input line 285.
)
\Hy@SectionHShift=\skip54
) (C:\Users\Marcos\AppData\Local\Programs\MiKTeX\tex/latex/graphics\graphicx.sty
Package: graphicx 2021/09/16 v1.2d Enhanced LaTeX Graphics (DPC,SPQR)
 (C:\Users\Marcos\AppData\Local\Programs\MiKTeX\tex/latex/graphics\graphics.sty
Package: graphics 2024/08/06 v1.4g Standard LaTeX Graphics (DPC,SPQR)
 (C:\Users\Marcos\AppData\Local\Programs\MiKTeX\tex/latex/graphics\trig.sty
Package: trig 2023/12/02 v1.11 sin cos tan (DPC)
) (C:\Users\Marcos\AppData\Local\Programs\MiKTeX\tex/latex/graphics-cfg\graphics.cfg
File: graphics.cfg 2016/06/04 v1.11 sample graphics configuration
)
Package graphics Info: Driver file: pdftex.def on input line 106.
 (C:\Users\Marcos\AppData\Local\Programs\MiKTeX\tex/latex/graphics-def\pdftex.def
File: pdftex.def 2024/04/13 v1.2c Graphics/color driver for pdftex
))
\Gin@req@height=\dimen163
\Gin@req@width=\dimen164
)
LaTeX Font Info:    Trying to load font information for T1+lmr on input line 12.
 (C:\Users\Marcos\AppData\Local\Programs\MiKTeX\tex/latex/lm\t1lmr.fd
File: t1lmr.fd 2015/05/01 v1.6.1 Font defs for Latin Modern
) (C:\Users\Marcos\AppData\Local\Programs\MiKTeX\tex/latex/l3backend\l3backend-pdftex.def
File: l3backend-pdftex.def 2024-05-08 L3 backend support: PDF output (pdfTeX)
\l__color_backend_stack_int=\count297
\l__pdf_internal_box=\box54
)
No file article-etf-fintech-brasil.aux.
\openout1 = `article-etf-fintech-brasil.aux'.

LaTeX Font Info:    Checking defaults for OML/cmm/m/it on input line 12.
LaTeX Font Info:    ... okay on input line 12.
LaTeX Font Info:    Checking defaults for OMS/cmsy/m/n on input line 12.
LaTeX Font Info:    ... okay on input line 12.
LaTeX Font Info:    Checking defaults for OT1/cmr/m/n on input line 12.
LaTeX Font Info:    ... okay on input line 12.
LaTeX Font Info:    Checking defaults for T1/cmr/m/n on input line 12.
LaTeX Font Info:    ... okay on input line 12.
LaTeX Font Info:    Checking defaults for TS1/cmr/m/n on input line 12.
LaTeX Font Info:    ... okay on input line 12.
LaTeX Font Info:    Checking defaults for OMX/cmex/m/n on input line 12.
LaTeX Font Info:    ... okay on input line 12.
LaTeX Font Info:    Checking defaults for U/cmr/m/n on input line 12.
LaTeX Font Info:    ... okay on input line 12.
LaTeX Font Info:    Checking defaults for PD1/pdf/m/n on input line 12.
LaTeX Font Info:    ... okay on input line 12.
LaTeX Font Info:    Checking defaults for PU/pdf/m/n on input line 12.
LaTeX Font Info:    ... okay on input line 12.
*geometry* driver: auto-detecting
*geometry* detected driver: pdftex
*geometry* verbose mode - [ preamble ] result:
* driver: pdftex
* paper: a4paper
* layout: <same size as paper>
* layoutoffset:(h,v)=(0.0pt,0.0pt)
* modes: 
* h-part:(L,W,R)=(71.13188pt, 455.24411pt, 71.13188pt)
* v-part:(T,H,B)=(71.13188pt, 702.78308pt, 71.13188pt)
* \paperwidth=597.50787pt
* \paperheight=845.04684pt
* \textwidth=455.24411pt
* \textheight=702.78308pt
* \oddsidemargin=-1.1381pt
* \evensidemargin=-1.1381pt
* \topmargin=-38.1381pt
* \headheight=12.0pt
* \headsep=25.0pt
* \topskip=12.0pt
* \footskip=30.0pt
* \marginparwidth=44.0pt
* \marginparsep=10.0pt
* \columnsep=10.0pt
* \skip\footins=10.8pt plus 4.0pt minus 2.0pt
* \hoffset=0.0pt
* \voffset=0.0pt
* \mag=1000
* \@twocolumnfalse
* \@twosidefalse
* \@mparswitchfalse
* \@reversemarginfalse
* (1in=72.27pt=25.4mm, 1cm=28.453pt)

Package hyperref Info: Link coloring OFF on input line 12.
\@outlinefile=\write3
\openout3 = `article-etf-fintech-brasil.out'.

(C:\Users\Marcos\AppData\Local\Programs\MiKTeX\tex/context/base/mkii\supp-pdf.mkii
[Loading MPS to PDF converter (version 2006.09.02).]
\scratchcounter=\count298
\scratchdimen=\dimen165
\scratchbox=\box55
\nofMPsegments=\count299
\nofMParguments=\count300
\everyMPshowfont=\toks26
\MPscratchCnt=\count301
\MPscratchDim=\dimen166
\MPnumerator=\count302
\makeMPintoPDFobject=\count303
\everyMPtoPDFconversion=\toks27
) (C:\Users\Marcos\AppData\Local\Programs\MiKTeX\tex/latex/epstopdf-pkg\epstopdf-base.sty
Package: epstopdf-base 2020-01-24 v2.11 Base part for package epstopdf
Package epstopdf-base Info: Redefining graphics rule for `.eps' on input line 485.
 (C:\Users\Marcos\AppData\Local\Programs\MiKTeX\tex/latex/00miktex\epstopdf-sys.cfg
File: epstopdf-sys.cfg 2021/03/18 v2.0 Configuration of epstopdf for MiKTeX
))

c:/Users/Marcos/Documents/VS Code/etf/fintech-brasil/article-etf-fintech-brasil.tex:14: LaTeX Error: Unicode character üìä (U+1F4CA)
               not set up for use with LaTeX.

See the LaTeX manual or LaTeX Companion for explanation.
Type  H <return>  for immediate help.
 ...                                              
                                                  
l.14 \section*{Dados do Mercado Fintech üìä}
                                             
You may provide a definition with
\DeclareUnicodeCharacter 


c:/Users/Marcos/Documents/VS Code/etf/fintech-brasil/article-etf-fintech-brasil.tex:16: LaTeX Error: Unicode character „Äë (U+3011)
               not set up for use with LaTeX.

See the LaTeX manual or LaTeX Companion for explanation.
Type  H <return>  for immediate help.
 ...                                              
                                                  
l.16 ...s bancos | Startups | √âpoca NEG√ìCIOS)„Äë
                                                  . Em 2023, o pa√≠s j√° con...
You may provide a definition with
\DeclareUnicodeCharacter 

LaTeX Font Info:    Trying to load font information for TS1+lmr on input line 16.
(C:\Users\Marcos\AppData\Local\Programs\MiKTeX\tex/latex/lm\ts1lmr.fd
File: ts1lmr.fd 2015/05/01 v1.6.1 Font defs for Latin Modern
)

c:/Users/Marcos/Documents/VS Code/etf/fintech-brasil/article-etf-fintech-brasil.tex:16: LaTeX Error: Unicode character „Äë (U+3011)
               not set up for use with LaTeX.

See the LaTeX manual or LaTeX Companion for explanation.
Type  H <return>  for immediate help.
 ...                                              
                                                  
l.16 ...BIMA) (The Fintech Ecosystem in Brazil)„Äë
                                                  . Esse ecossistema inclui ...
You may provide a definition with
\DeclareUnicodeCharacter 


c:/Users/Marcos/Documents/VS Code/etf/fintech-brasil/article-etf-fintech-brasil.tex:16: LaTeX Error: Unicode character „Äë (U+3011)
               not set up for use with LaTeX.

See the LaTeX manual or LaTeX Companion for explanation.
Type  H <return>  for immediate help.
 ...                                              
                                                  
l.16 ...azil) (The Fintech Ecosystem in Brazil)„Äë
                                                  . Fintechs j√° representam...
You may provide a definition with
\DeclareUnicodeCharacter 


c:/Users/Marcos/Documents/VS Code/etf/fintech-brasil/article-etf-fintech-brasil.tex:16: LaTeX Error: Unicode character „Äë (U+3011)
               not set up for use with LaTeX.

See the LaTeX manual or LaTeX Companion for explanation.
Type  H <return>  for immediate help.
 ...                                              
                                                  
l.16 ...4, de olho nos mercados B2B ‚Äì ANBIMA)„Äë
                                                  . Em escala global, o movi...
You may provide a definition with
\DeclareUnicodeCharacter 


c:/Users/Marcos/Documents/VS Code/etf/fintech-brasil/article-etf-fintech-brasil.tex:16: LaTeX Error: Unicode character „Äë (U+3011)
               not set up for use with LaTeX.

See the LaTeX manual or LaTeX Companion for explanation.
Type  H <return>  for immediate help.
 ...                                              
                                                  
l.16 ...graphic: LatAm Fintech Landscape, 2023)„Äë
                                                  .
You may provide a definition with
\DeclareUnicodeCharacter 


c:/Users/Marcos/Documents/VS Code/etf/fintech-brasil/article-etf-fintech-brasil.tex:18: LaTeX Error: Unicode character „Äë (U+3011)
               not set up for use with LaTeX.

See the LaTeX manual or LaTeX Companion for explanation.
Type  H <return>  for immediate help.
 ...                                              
                                                  
l.18 ...4, de olho nos mercados B2B ‚Äì ANBIMA)„Äë
                                                  . √Åreas como pagamentos d...
You may provide a definition with
\DeclareUnicodeCharacter 


c:/Users/Marcos/Documents/VS Code/etf/fintech-brasil/article-etf-fintech-brasil.tex:18: LaTeX Error: Unicode character „Äë (U+3011)
               not set up for use with LaTeX.

See the LaTeX manual or LaTeX Companion for explanation.
Type  H <return>  for immediate help.
 ...                                              
                                                  
l.18 ...ntechs no Brasil | Andreessen Horowitz)„Äë
                                                  . Em 2023, o Pix atingiu 4...
You may provide a definition with
\DeclareUnicodeCharacter 


c:/Users/Marcos/Documents/VS Code/etf/fintech-brasil/article-etf-fintech-brasil.tex:18: LaTeX Error: Unicode character „Äë (U+3011)
               not set up for use with LaTeX.

See the LaTeX manual or LaTeX Companion for explanation.
Type  H <return>  for immediate help.
 ...                                              
                                                  
l.18 ...BAN - Not√≠cias) (FEBRABAN - Not√≠cias)„Äë
                                                  . Essa ado√ß√£o maci√ßa fe...
You may provide a definition with
\DeclareUnicodeCharacter 


c:/Users/Marcos/Documents/VS Code/etf/fintech-brasil/article-etf-fintech-brasil.tex:18: LaTeX Error: Unicode character „Äë (U+3011)
               not set up for use with LaTeX.

See the LaTeX manual or LaTeX Companion for explanation.
Type  H <return>  for immediate help.
 ...                                              
                                                  
l.18 ...39\% dos pagamentos - Finsiders Brasil)„Äë
                                                  . Tend√™ncias globais como...
You may provide a definition with
\DeclareUnicodeCharacter 


c:/Users/Marcos/Documents/VS Code/etf/fintech-brasil/article-etf-fintech-brasil.tex:18: LaTeX Error: Unicode character „Äë (U+3011)
               not set up for use with LaTeX.

See the LaTeX manual or LaTeX Companion for explanation.
Type  H <return>  for immediate help.
 ...                                              
                                                  
l.18 ... global de fintechs - Finsiders Brasil)„Äë
                                                  , e o Brasil, com seu ecos...
You may provide a definition with
\DeclareUnicodeCharacter 


c:/Users/Marcos/Documents/VS Code/etf/fintech-brasil/article-etf-fintech-brasil.tex:18: LaTeX Error: Unicode character „Äë (U+3011)
               not set up for use with LaTeX.

See the LaTeX manual or LaTeX Companion for explanation.
Type  H <return>  for immediate help.
 ...                                              
                                                  
l.18 ... global de fintechs - Finsiders Brasil)„Äë
                                                  .
You may provide a definition with
\DeclareUnicodeCharacter 


c:/Users/Marcos/Documents/VS Code/etf/fintech-brasil/article-etf-fintech-brasil.tex:20: LaTeX Error: Unicode character „Äë (U+3011)
               not set up for use with LaTeX.

See the LaTeX manual or LaTeX Companion for explanation.
Type  H <return>  for immediate help.
 ...                                              
                                                  
l.20 ...ntechs no Brasil | Andreessen Horowitz)„Äë
                                                  . Na √∫ltima d√©cada, o Ba...
You may provide a definition with
\DeclareUnicodeCharacter 


c:/Users/Marcos/Documents/VS Code/etf/fintech-brasil/article-etf-fintech-brasil.tex:20: LaTeX Error: Unicode character „Äë (U+3011)
               not set up for use with LaTeX.

See the LaTeX manual or LaTeX Companion for explanation.
Type  H <return>  for immediate help.
 ...                                              
                                                  
l.20 ...to econ√¥mico das fintechs brasileiras)„Äë
                                                  , lan√ßou o Pix (2020) e c...
You may provide a definition with
\DeclareUnicodeCharacter 


c:/Users/Marcos/Documents/VS Code/etf/fintech-brasil/article-etf-fintech-brasil.tex:20: LaTeX Error: Unicode character „Äë (U+3011)
               not set up for use with LaTeX.

See the LaTeX manual or LaTeX Companion for explanation.
Type  H <return>  for immediate help.
 ...                                              
                                                  
l.20 ...ntechs no Brasil | Andreessen Horowitz)„Äë
                                                   ‚Äì um avan√ßo impression...
You may provide a definition with
\DeclareUnicodeCharacter 


c:/Users/Marcos/Documents/VS Code/etf/fintech-brasil/article-etf-fintech-brasil.tex:20: LaTeX Error: Unicode character „Äë (U+3011)
               not set up for use with LaTeX.

See the LaTeX manual or LaTeX Companion for explanation.
Type  H <return>  for immediate help.
 ...                                              
                                                  
l.20 ...to econ√¥mico das fintechs brasileiras)„Äë
                                                  . Incluindo fintechs e nov...
You may provide a definition with
\DeclareUnicodeCharacter 


c:/Users/Marcos/Documents/VS Code/etf/fintech-brasil/article-etf-fintech-brasil.tex:20: LaTeX Error: Unicode character „Äë (U+3011)
               not set up for use with LaTeX.

See the LaTeX manual or LaTeX Companion for explanation.
Type  H <return>  for immediate help.
 ...                                              
                                                  
l.20 ...to econ√¥mico das fintechs brasileiras)„Äë
                                                  . As fintechs de cr√©dito,...
You may provide a definition with
\DeclareUnicodeCharacter 


c:/Users/Marcos/Documents/VS Code/etf/fintech-brasil/article-etf-fintech-brasil.tex:20: LaTeX Error: Unicode character „Äë (U+3011)
               not set up for use with LaTeX.

See the LaTeX manual or LaTeX Companion for explanation.
Type  H <return>  for immediate help.
 ...                                              
                                                  
l.20 ... o FM (The Fintech Ecosystem in Brazil)„Äë
                                                  .
You may provide a definition with
\DeclareUnicodeCharacter 



[1

{C:/Users/Marcos/AppData/Local/MiKTeX/fonts/map/pdftex/pdftex.map}{C:/Users/Marcos/AppData/Local/Programs/MiKTeX/fonts/enc/dvips/lm/lm-ec.enc}{C:/Users/Marcos/AppData/Local/Programs/MiKTeX/fonts/enc/dvips/lm/lm-ts1.enc}]

c:/Users/Marcos/Documents/VS Code/etf/fintech-brasil/article-etf-fintech-brasil.tex:22: LaTeX Error: Unicode character „Äë (U+3011)
               not set up for use with LaTeX.

See the LaTeX manual or LaTeX Companion for explanation.
Type  H <return>  for immediate help.
 ...                                              
                                                  
l.22 ...diariamente 70 milh√µes de brasileiros)„Äë
                                                  . Est√£o tamb√©m ajudando ...
You may provide a definition with
\DeclareUnicodeCharacter 


c:/Users/Marcos/Documents/VS Code/etf/fintech-brasil/article-etf-fintech-brasil.tex:22: LaTeX Error: Unicode character „Äë (U+3011)
               not set up for use with LaTeX.

See the LaTeX manual or LaTeX Companion for explanation.
Type  H <return>  for immediate help.
 ...                                              
                                                  
l.22 ...x movimenta R\$ 26,5 trilh√µes em 2024)„Äë
                                                  . Al√©m disso, fintechs be...
You may provide a definition with
\DeclareUnicodeCharacter 


c:/Users/Marcos/Documents/VS Code/etf/fintech-brasil/article-etf-fintech-brasil.tex:22: LaTeX Error: Unicode character „Äë (U+3011)
               not set up for use with LaTeX.

See the LaTeX manual or LaTeX Companion for explanation.
Type  H <return>  for immediate help.
 ...                                              
                                                  
l.22 ...aportes de LatAm em 10 anos - Startups)„Äë
                                                  . Esse volume de capital t...
You may provide a definition with
\DeclareUnicodeCharacter 


c:/Users/Marcos/Documents/VS Code/etf/fintech-brasil/article-etf-fintech-brasil.tex:22: LaTeX Error: Unicode character „Äë (U+3011)
               not set up for use with LaTeX.

See the LaTeX manual or LaTeX Companion for explanation.
Type  H <return>  for immediate help.
 ...                                              
                                                  
l.22 ...Latin (The Fintech Ecosystem in Brazil)„Äë
                                                  . Apesar da volatilidade d...
You may provide a definition with
\DeclareUnicodeCharacter 


c:/Users/Marcos/Documents/VS Code/etf/fintech-brasil/article-etf-fintech-brasil.tex:22: LaTeX Error: Unicode character „Äë (U+3011)
               not set up for use with LaTeX.

See the LaTeX manual or LaTeX Companion for explanation.
Type  H <return>  for immediate help.
 ...                                              
                                                  
l.22 ...s d√≠gitos ao ano at√© 2028 | McKinsey)„Äë
                                                   ‚Äì sinal de um impacto e...
You may provide a definition with
\DeclareUnicodeCharacter 


c:/Users/Marcos/Documents/VS Code/etf/fintech-brasil/article-etf-fintech-brasil.tex:22: LaTeX Error: Unicode character „Äë (U+3011)
               not set up for use with LaTeX.

See the LaTeX manual or LaTeX Companion for explanation.
Type  H <return>  for immediate help.
 ...                                              
                                                  
l.22 ...ente. (The Fintech Ecosystem in Brazil)„Äë
                                                  
You may provide a definition with
\DeclareUnicodeCharacter 


c:/Users/Marcos/Documents/VS Code/etf/fintech-brasil/article-etf-fintech-brasil.tex:24: LaTeX Error: Unicode character „Äë (U+3011)
               not set up for use with LaTeX.

See the LaTeX manual or LaTeX Companion for explanation.
Type  H <return>  for immediate help.
 ...                                              
                                                  
l.24 ...azil) (The Fintech Ecosystem in Brazil)„Äë
                                                  )*
You may provide a definition with
\DeclareUnicodeCharacter 


LaTeX Warning: File `grafico1_placeholder.png' not found on input line 29.


c:/Users/Marcos/Documents/VS Code/etf/fintech-brasil/article-etf-fintech-brasil.tex:29: Package pdftex.def Error: File `grafico1_placeholder.png' not found: using draft setting.

See the pdftex.def package documentation for explanation.
Type  H <return>  for immediate help.
 ...                                              
                                                  
l.29 ...=0.75\textwidth]{grafico1_placeholder.png}
                                                  
Try typing  <return>  to proceed.
If that doesn't work, type  X <return>  to quit.

LaTeX Font Info:    Trying to load font information for T1+lmtt on input line 29.
(C:\Users\Marcos\AppData\Local\Programs\MiKTeX\tex/latex/lm\t1lmtt.fd
File: t1lmtt.fd 2015/05/01 v1.6.1 Font defs for Latin Modern
)

LaTeX Warning: `!h' float specifier changed to `!ht'.


c:/Users/Marcos/Documents/VS Code/etf/fintech-brasil/article-etf-fintech-brasil.tex:34: LaTeX Error: Unicode character üöÄ (U+1F680)
               not set up for use with LaTeX.

See the LaTeX manual or LaTeX Companion for explanation.
Type  H <return>  for immediate help.
 ...                                              
                                                  
l.34 ...mento do Setor e M√©tricas para ETFs üöÄ}
                                                  
You may provide a definition with
\DeclareUnicodeCharacter 


c:/Users/Marcos/Documents/VS Code/etf/fintech-brasil/article-etf-fintech-brasil.tex:36: LaTeX Error: Unicode character „Äë (U+3011)
               not set up for use with LaTeX.

See the LaTeX manual or LaTeX Companion for explanation.
Type  H <return>  for immediate help.
 ...                                              
                                                  
l.36 ...portes de LatAm em 10 anos - Startups)7„Äë
                                                  . Esse boom refletiu o ape...
You may provide a definition with
\DeclareUnicodeCharacter 


c:/Users/Marcos/Documents/VS Code/etf/fintech-brasil/article-etf-fintech-brasil.tex:36: LaTeX Error: Unicode character „Äë (U+3011)
               not set up for use with LaTeX.

See the LaTeX manual or LaTeX Companion for explanation.
Type  H <return>  for immediate help.
 ...                                              
                                                  
l.36 ...o econ√¥mico das fintechs brasileiras)5„Äë
                                                  . Ainda assim, mesmo em 20...
You may provide a definition with
\DeclareUnicodeCharacter 


c:/Users/Marcos/Documents/VS Code/etf/fintech-brasil/article-etf-fintech-brasil.tex:36: LaTeX Error: Unicode character „Äë (U+3011)
               not set up for use with LaTeX.

See the LaTeX manual or LaTeX Companion for explanation.
Type  H <return>  for immediate help.
 ...                                              
                                                  
l.36 ...o econ√¥mico das fintechs brasileiras)5„Äë
                                                  , superando o volume de 20...
You may provide a definition with
\DeclareUnicodeCharacter 


c:/Users/Marcos/Documents/VS Code/etf/fintech-brasil/article-etf-fintech-brasil.tex:36: LaTeX Error: Unicode character „Äë (U+3011)
               not set up for use with LaTeX.

See the LaTeX manual or LaTeX Companion for explanation.
Type  H <return>  for immediate help.
 ...                                              
                                                  
l.36 ...portes de LatAm em 10 anos - Startups)9„Äë
                                                  . Em uma d√©cada (2014-202...
You may provide a definition with
\DeclareUnicodeCharacter 


c:/Users/Marcos/Documents/VS Code/etf/fintech-brasil/article-etf-fintech-brasil.tex:36: LaTeX Error: Unicode character „Äë (U+3011)
               not set up for use with LaTeX.

See the LaTeX manual or LaTeX Companion for explanation.
Type  H <return>  for immediate help.
 ...                                              
                                                  
l.36 ...portes de LatAm em 10 anos - Startups)7„Äë
                                                  . Esses n√∫meros evidencia...
You may provide a definition with
\DeclareUnicodeCharacter 



[2]

[3]

c:/Users/Marcos/Documents/VS Code/etf/fintech-brasil/article-etf-fintech-brasil.tex:38: LaTeX Error: Unicode character „Äë (U+3011)
               not set up for use with LaTeX.

See the LaTeX manual or LaTeX Companion for explanation.
Type  H <return>  for immediate help.
 ...                                              
                                                  
l.38 ... d√≠gitos ao ano at√© 2028 | McKinsey)7„Äë
                                                  , mas sofreram corre√ß√µes...
You may provide a definition with
\DeclareUnicodeCharacter 


c:/Users/Marcos/Documents/VS Code/etf/fintech-brasil/article-etf-fintech-brasil.tex:38: LaTeX Error: Unicode character „Äë (U+3011)
               not set up for use with LaTeX.

See the LaTeX manual or LaTeX Companion for explanation.
Type  H <return>  for immediate help.
 ...                                              
                                                  
l.38 ... de valoriza√ß√£o (FinTech ETF (FINX))6„Äë
                                                   ‚Äì mais que dobrando o c...
You may provide a definition with
\DeclareUnicodeCharacter 


c:/Users/Marcos/Documents/VS Code/etf/fintech-brasil/article-etf-fintech-brasil.tex:38: LaTeX Error: Unicode character „Äë (U+3011)
               not set up for use with LaTeX.

See the LaTeX manual or LaTeX Companion for explanation.
Type  H <return>  for immediate help.
 ...                                              
                                                  
l.38 ...rca de **42,7\%** (FinTech ETF (FINX))9„Äë
                                                  , superando muitos √≠ndice...
You may provide a definition with
\DeclareUnicodeCharacter 


c:/Users/Marcos/Documents/VS Code/etf/fintech-brasil/article-etf-fintech-brasil.tex:38: LaTeX Error: Unicode character „Äë (U+3011)
               not set up for use with LaTeX.

See the LaTeX manual or LaTeX Companion for explanation.
Type  H <return>  for immediate help.
 ...                                              
                                                  
l.38 ...nTech ETF (FINX)) (FinTech ETF (FINX))2„Äë
                                                  . Isso demonstra o car√°te...
You may provide a definition with
\DeclareUnicodeCharacter 


c:/Users/Marcos/Documents/VS Code/etf/fintech-brasil/article-etf-fintech-brasil.tex:40: LaTeX Error: Unicode character „Äë (U+3011)
               not set up for use with LaTeX.

See the LaTeX manual or LaTeX Companion for explanation.
Type  H <return>  for immediate help.
 ...                                              
                                                  
l.40 ...egistram lucro no primeiro semestre -)2„Äë
                                                  . O grupo (Nubank, Inter, ...
You may provide a definition with
\DeclareUnicodeCharacter 


c:/Users/Marcos/Documents/VS Code/etf/fintech-brasil/article-etf-fintech-brasil.tex:40: LaTeX Error: Unicode character „Äë (U+3011)
               not set up for use with LaTeX.

See the LaTeX manual or LaTeX Companion for explanation.
Type  H <return>  for immediate help.
 ...                                              
                                                  
l.40 ...egistram lucro no primeiro semestre -)2„Äë
                                                   ‚Äì sinal de maturidade f...
You may provide a definition with
\DeclareUnicodeCharacter 


c:/Users/Marcos/Documents/VS Code/etf/fintech-brasil/article-etf-fintech-brasil.tex:44: LaTeX Error: Unicode character „Äë (U+3011)
               not set up for use with LaTeX.

See the LaTeX manual or LaTeX Companion for explanation.
Type  H <return>  for immediate help.
 ...                                              
                                                  
l.44 ...global de fintechs - Finsiders Brasil)7„Äë
                                                   e projetam CAGR de \texta...
You may provide a definition with
\DeclareUnicodeCharacter 


c:/Users/Marcos/Documents/VS Code/etf/fintech-brasil/article-etf-fintech-brasil.tex:44: LaTeX Error: Unicode character „Äë (U+3011)
               not set up for use with LaTeX.

See the LaTeX manual or LaTeX Companion for explanation.
Type  H <return>  for immediate help.
 ...                                              
                                                  
l.44 ... d√≠gitos ao ano at√© 2028 | McKinsey)7„Äë
                                                   ‚Äì bem acima da m√©dia d...
You may provide a definition with
\DeclareUnicodeCharacter 


c:/Users/Marcos/Documents/VS Code/etf/fintech-brasil/article-etf-fintech-brasil.tex:46: LaTeX Error: Unicode character „Äë (U+3011)
               not set up for use with LaTeX.

See the LaTeX manual or LaTeX Companion for explanation.
Type  H <return>  for immediate help.
 ...                                              
                                                  
l.46 ...global de fintechs - Finsiders Brasil)7„Äë
                                                  . No caso do ETF FINX, o *...
You may provide a definition with
\DeclareUnicodeCharacter 


c:/Users/Marcos/Documents/VS Code/etf/fintech-brasil/article-etf-fintech-brasil.tex:46: LaTeX Error: Unicode character „Äë (U+3011)
               not set up for use with LaTeX.

See the LaTeX manual or LaTeX Companion for explanation.
Type  H <return>  for immediate help.
 ...                                              
                                                  
l.46 ...e 22,6x para 2025 (FinTech ETF (FINX))4„Äë
                                                  , indicando expectativa de...
You may provide a definition with
\DeclareUnicodeCharacter 



[4]

c:/Users/Marcos/Documents/VS Code/etf/fintech-brasil/article-etf-fintech-brasil.tex:48: LaTeX Error: Unicode character „Äë (U+3011)
               not set up for use with LaTeX.

See the LaTeX manual or LaTeX Companion for explanation.
Type  H <return>  for immediate help.
 ...                                              
                                                  
l.48 ...287 milh√µes em A (FinTech ETF (FINX))7„Äë
                                                  . No Brasil, a Investo (ge...
You may provide a definition with
\DeclareUnicodeCharacter 


c:/Users/Marcos/Documents/VS Code/etf/fintech-brasil/article-etf-fintech-brasil.tex:48: LaTeX Error: Unicode character „Äë (U+3011)
               not set up for use with LaTeX.

See the LaTeX manual or LaTeX Companion for explanation.
Type  H <return>  for immediate help.
 ...                                              
                                                  
l.48 ...popularizar ETFs no Brasil - Startups)8„Äë
                                                  , e espera chegar a R\$ 1 ...
You may provide a definition with
\DeclareUnicodeCharacter 


c:/Users/Marcos/Documents/VS Code/etf/fintech-brasil/article-etf-fintech-brasil.tex:48: LaTeX Error: Unicode character „Äë (U+3011)
               not set up for use with LaTeX.

See the LaTeX manual or LaTeX Companion for explanation.
Type  H <return>  for immediate help.
 ...                                              
                                                  
l.48 ...popularizar ETFs no Brasil - Startups)7„Äë
                                                   ‚Äì mostrando apetite dos...
You may provide a definition with
\DeclareUnicodeCharacter 


c:/Users/Marcos/Documents/VS Code/etf/fintech-brasil/article-etf-fintech-brasil.tex:50: LaTeX Error: Unicode character „Äë (U+3011)
               not set up for use with LaTeX.

See the LaTeX manual or LaTeX Companion for explanation.
Type  H <return>  for immediate help.
 ...                                              
                                                  
l.50 ... d√≠gitos ao ano at√© 2028 | McKinsey)7„Äë
                                                   ‚Äì potencialmente entreg...
You may provide a definition with
\DeclareUnicodeCharacter 

LaTeX Font Info:    Trying to load font information for OT1+lmr on input line 52.
(C:\Users\Marcos\AppData\Local\Programs\MiKTeX\tex/latex/lm\ot1lmr.fd
File: ot1lmr.fd 2015/05/01 v1.6.1 Font defs for Latin Modern
)
LaTeX Font Info:    Trying to load font information for OML+lmm on input line 52.
 (C:\Users\Marcos\AppData\Local\Programs\MiKTeX\tex/latex/lm\omllmm.fd
File: omllmm.fd 2015/05/01 v1.6.1 Font defs for Latin Modern
)
LaTeX Font Info:    Trying to load font information for OMS+lmsy on input line 52.
 (C:\Users\Marcos\AppData\Local\Programs\MiKTeX\tex/latex/lm\omslmsy.fd
File: omslmsy.fd 2015/05/01 v1.6.1 Font defs for Latin Modern
)
LaTeX Font Info:    Trying to load font information for OMX+lmex on input line 52.
 (C:\Users\Marcos\AppData\Local\Programs\MiKTeX\tex/latex/lm\omxlmex.fd
File: omxlmex.fd 2015/05/01 v1.6.1 Font defs for Latin Modern
)
LaTeX Font Info:    External font `lmex10' loaded for size
(Font)              <12> on input line 52.
LaTeX Font Info:    External font `lmex10' loaded for size
(Font)              <8> on input line 52.
LaTeX Font Info:    External font `lmex10' loaded for size
(Font)              <6> on input line 52.
LaTeX Font Info:    Trying to load font information for U+msa on input line 52.
 (C:\Users\Marcos\AppData\Local\Programs\MiKTeX\tex/latex/amsfonts\umsa.fd
File: umsa.fd 2013/01/14 v3.01 AMS symbols A
)
LaTeX Font Info:    Trying to load font information for U+msb on input line 52.
 (C:\Users\Marcos\AppData\Local\Programs\MiKTeX\tex/latex/amsfonts\umsb.fd
File: umsb.fd 2013/01/14 v3.01 AMS symbols B
)

c:/Users/Marcos/Documents/VS Code/etf/fintech-brasil/article-etf-fintech-brasil.tex:52: LaTeX Error: Unicode character „Äë (U+3011)
               not set up for use with LaTeX.

See the LaTeX manual or LaTeX Companion for explanation.
Type  H <return>  for immediate help.
 ...                                              
                                                  
l.52 ...ciitilde33\% ao a (FinTech ETF (FINX))2„Äë
                                                  , indicando maior risco po...
You may provide a definition with
\DeclareUnicodeCharacter 


LaTeX Warning: File `grafico_tendencia_investimentos_placeholder.png' not found on input line 62.


c:/Users/Marcos/Documents/VS Code/etf/fintech-brasil/article-etf-fintech-brasil.tex:62: Package pdftex.def Error: File `grafico_tendencia_investimentos_placeholder.png' not found: using draft setting.

See the pdftex.def package documentation for explanation.
Type  H <return>  for immediate help.
 ...                                              
                                                  
l.62 ...o_tendencia_investimentos_placeholder.png}
                                                  
Try typing  <return>  to proceed.
If that doesn't work, type  X <return>  to quit.


LaTeX Warning: `!h' float specifier changed to `!ht'.


c:/Users/Marcos/Documents/VS Code/etf/fintech-brasil/article-etf-fintech-brasil.tex:67: LaTeX Error: Unicode character üè¶ (U+1F3E6)
               not set up for use with LaTeX.

See the LaTeX manual or LaTeX Companion for explanation.
Type  H <return>  for immediate help.
 ...                                              
                                                  
l.67 \section*{Composi√ß√£o do ETF üè¶üí≥üì±}
                                                
You may provide a definition with
\DeclareUnicodeCharacter 


c:/Users/Marcos/Documents/VS Code/etf/fintech-brasil/article-etf-fintech-brasil.tex:67: LaTeX Error: Unicode character üí≥ (U+1F4B3)
               not set up for use with LaTeX.

See the LaTeX manual or LaTeX Companion for explanation.
Type  H <return>  for immediate help.
 ...                                              
                                                  
l.67 \section*{Composi√ß√£o do ETF üè¶üí≥üì±}
                                                
You may provide a definition with
\DeclareUnicodeCharacter 


c:/Users/Marcos/Documents/VS Code/etf/fintech-brasil/article-etf-fintech-brasil.tex:67: LaTeX Error: Unicode character üì± (U+1F4F1)
               not set up for use with LaTeX.

See the LaTeX manual or LaTeX Companion for explanation.
Type  H <return>  for immediate help.
 ...                                              
                                                  
l.67 \section*{Composi√ß√£o do ETF üè¶üí≥üì±}
                                                
You may provide a definition with
\DeclareUnicodeCharacter 


c:/Users/Marcos/Documents/VS Code/etf/fintech-brasil/article-etf-fintech-brasil.tex:72: LaTeX Error: Unicode character „Äë (U+3011)
               not set up for use with LaTeX.

See the LaTeX manual or LaTeX Companion for explanation.
Type  H <return>  for immediate help.
 ...                                              
                                                  
l.72 ...o do Brasil em n√∫mero de clientes)-L47„Äë
                                                  . Com crescimento vertigin...
You may provide a definition with
\DeclareUnicodeCharacter 



[5{C:/Users/Marcos/AppData/Local/Programs/MiKTeX/fonts/enc/dvips/lm/lm-mathit.enc}{C:/Users/Marcos/AppData/Local/Programs/MiKTeX/fonts/enc/dvips/lm/lm-mathsy.enc}{C:/Users/Marcos/AppData/Local/Programs/MiKTeX/fonts/enc/dvips/lm/lm-rm.enc}]
Overfull \hbox (5.46992pt too wide) in paragraph at lines 74--75
\T1/lmr/m/n/12 PAGS, B3: PAGS34) È uma fin-tech brasileira fo-cada em paga-men-tos dig-i-tais (maquin-
 []


c:/Users/Marcos/Documents/VS Code/etf/fintech-brasil/article-etf-fintech-brasil.tex:76: LaTeX Error: Unicode character „Äë (U+3011)
               not set up for use with LaTeX.

See the LaTeX manual or LaTeX Companion for explanation.
Type  H <return>  for immediate help.
 ...                                              
                                                  
l.76 ...stram lucro no primeiro semestre -)L132„Äë
                                                  . Stone tem investidores d...
You may provide a definition with
\DeclareUnicodeCharacter 


c:/Users/Marcos/Documents/VS Code/etf/fintech-brasil/article-etf-fintech-brasil.tex:76: LaTeX Error: Unicode character „Äë (U+3011)
               not set up for use with LaTeX.

See the LaTeX manual or LaTeX Companion for explanation.
Type  H <return>  for immediate help.
 ...                                              
                                                  
l.76 ...nies trading on US stock exchanges)-L36„Äë
                                                  , o que atesta confian√ßa ...
You may provide a definition with
\DeclareUnicodeCharacter 



[6]
Overfull \hbox (4.95692pt too wide) in paragraph at lines 82--83
[]\T1/lmr/bx/n/12 MercadoLibre (Mer-cado Pago) ^^U E-commerce & Paga-men-tos. \T1/lmr/m/n/12 Mer-cadoLibre
 []


c:/Users/Marcos/Documents/VS Code/etf/fintech-brasil/article-etf-fintech-brasil.tex:88: LaTeX Error: Unicode character „Äë (U+3011)
               not set up for use with LaTeX.

See the LaTeX manual or LaTeX Companion for explanation.
Type  H <return>  for immediate help.
 ...                                              
                                                  
l.88 ...om presen√ßa g (FinTech ETF (FINX))L168„Äë
                                                  . Atua√ß√£o no Brasil via ...
You may provide a definition with
\DeclareUnicodeCharacter 


c:/Users/Marcos/Documents/VS Code/etf/fintech-brasil/article-etf-fintech-brasil.tex:89: LaTeX Error: Unicode character „Äë (U+3011)
               not set up for use with LaTeX.

See the LaTeX manual or LaTeX Companion for explanation.
Type  H <return>  for immediate help.
 ...                                              
                                                  
l.89 ...os m√≥veis e c (FinTech ETF (FINX))L174„Äë
                                                  .
You may provide a definition with
\DeclareUnicodeCharacter 


c:/Users/Marcos/Documents/VS Code/etf/fintech-brasil/article-etf-fintech-brasil.tex:90: LaTeX Error: Unicode character „Äë (U+3011)
               not set up for use with LaTeX.

See the LaTeX manual or LaTeX Companion for explanation.
Type  H <return>  for immediate help.
 ...                                              
                                                  
l.90 ...arejistas no B (FinTech ETF (FINX))L165„Äë
                                                  .
You may provide a definition with
\DeclareUnicodeCharacter 



[7]

c:/Users/Marcos/Documents/VS Code/etf/fintech-brasil/article-etf-fintech-brasil.tex:100: LaTeX Error: Unicode character „Äë (U+3011)
               not set up for use with LaTeX.

See the LaTeX manual or LaTeX Companion for explanation.
Type  H <return>  for immediate help.
 ...                                              
                                                  
l.100 ...√ßos para fin (FinTech ETF (FINX))L167„Äë
                                                  .
You may provide a definition with
\DeclareUnicodeCharacter 


c:/Users/Marcos/Documents/VS Code/etf/fintech-brasil/article-etf-fintech-brasil.tex:117: LaTeX Error: Unicode character üü¶ (U+1F7E6)
               not set up for use with LaTeX.

See the LaTeX manual or LaTeX Companion for explanation.
Type  H <return>  for immediate help.
 ...                                              
                                                  
l.117 ...entos e Carteiras Digitais (\textbf{üü¶}
                                                   \textasciitilde30-40\%): ...
You may provide a definition with
\DeclareUnicodeCharacter 


c:/Users/Marcos/Documents/VS Code/etf/fintech-brasil/article-etf-fintech-brasil.tex:118: LaTeX Error: Unicode character üüß (U+1F7E7)
               not set up for use with LaTeX.

See the LaTeX manual or LaTeX Companion for explanation.
Type  H <return>  for immediate help.
 ...                                              
                                                  
l.118 ...Bancos Digitais e Cr√©dito (\textbf{üüß}
                                                   \textasciitilde25-35\%): ...
You may provide a definition with
\DeclareUnicodeCharacter 


c:/Users/Marcos/Documents/VS Code/etf/fintech-brasil/article-etf-fintech-brasil.tex:119: LaTeX Error: Unicode character üü© (U+1F7E9)
               not set up for use with LaTeX.

See the LaTeX manual or LaTeX Companion for explanation.
Type  H <return>  for immediate help.
 ...                                              
                                                  
l.119 \item Investimentos e Seguros (\textbf{üü©}
                                                   \textasciitilde15\%): Pla...
You may provide a definition with
\DeclareUnicodeCharacter 



[8]

c:/Users/Marcos/Documents/VS Code/etf/fintech-brasil/article-etf-fintech-brasil.tex:120: LaTeX Error: Unicode character üü® (U+1F7E8)
               not set up for use with LaTeX.

See the LaTeX manual or LaTeX Companion for explanation.
Type  H <return>  for immediate help.
 ...                                              
                                                  
l.120 \item Infraestrutura e B2B (\textbf{üü®}
                                                \textasciitilde10-15\%): For...
You may provide a definition with
\DeclareUnicodeCharacter 


c:/Users/Marcos/Documents/VS Code/etf/fintech-brasil/article-etf-fintech-brasil.tex:121: LaTeX Error: Unicode character üü™ (U+1F7EA)
               not set up for use with LaTeX.

See the LaTeX manual or LaTeX Companion for explanation.
Type  H <return>  for immediate help.
 ...                                              
                                                  
l.121 \item Outros (\textbf{üü™}
                                  \textasciitilde5\%): Fintechs especializad...
You may provide a definition with
\DeclareUnicodeCharacter 


LaTeX Warning: File `composicao_etf_placeholder.png' not found on input line 127.


c:/Users/Marcos/Documents/VS Code/etf/fintech-brasil/article-etf-fintech-brasil.tex:127: Package pdftex.def Error: File `composicao_etf_placeholder.png' not found: using draft setting.

See the pdftex.def package documentation for explanation.
Type  H <return>  for immediate help.
 ...                                              
                                                  
l.127 ...extwidth]{composicao_etf_placeholder.png}
                                                  
Try typing  <return>  to proceed.
If that doesn't work, type  X <return>  to quit.


c:/Users/Marcos/Documents/VS Code/etf/fintech-brasil/article-etf-fintech-brasil.tex:132: LaTeX Error: Unicode character „Äë (U+3011)
               not set up for use with LaTeX.

See the LaTeX manual or LaTeX Companion for explanation.
Type  H <return>  for immediate help.
 ...                                              
                                                  
l.132 ...tartups) e **WealthTech (317 startups)„Äë
                                                   tamb√©m s√£o relevantes. ...
You may provide a definition with
\DeclareUnicodeCharacter 



[9]

c:/Users/Marcos/Documents/VS Code/etf/fintech-brasil/article-etf-fintech-brasil.tex:136: LaTeX Error: Unicode character „Äë (U+3011)
               not set up for use with LaTeX.

See the LaTeX manual or LaTeX Companion for explanation.
Type  H <return>  for immediate help.
 ...                                              
                                                  
l.136 ...ding on US stock exchanges)6‚Ä†L28-L36„Äë
                                                  ), at√© incumbentes transf...
You may provide a definition with
\DeclareUnicodeCharacter 


c:/Users/Marcos/Documents/VS Code/etf/fintech-brasil/article-etf-fintech-brasil.tex:138: LaTeX Error: Unicode character üí∞ (U+1F4B0)
               not set up for use with LaTeX.

See the LaTeX manual or LaTeX Companion for explanation.
Type  H <return>  for immediate help.
 ...                                              
                                                  
l.138 ...{Viabilidade Financeira e Valuation üí∞}
                                                  
You may provide a definition with
\DeclareUnicodeCharacter 


c:/Users/Marcos/Documents/VS Code/etf/fintech-brasil/article-etf-fintech-brasil.tex:142: LaTeX Error: Unicode character „Äë (U+3011)
               not set up for use with LaTeX.

See the LaTeX manual or LaTeX Companion for explanation.
Type  H <return>  for immediate help.
 ...                                              
                                                  
l.142 ...ETFs no Brasil - Startups)‚Ä†L159-L167„Äë
                                                  . Com base nisso, estimamo...
You may provide a definition with
\DeclareUnicodeCharacter 


c:/Users/Marcos/Documents/VS Code/etf/fintech-brasil/article-etf-fintech-brasil.tex:142: LaTeX Error: Unicode character „Äë (U+3011)
               not set up for use with LaTeX.

See the LaTeX manual or LaTeX Companion for explanation.
Type  H <return>  for immediate help.
 ...                                              
                                                  
l.142 ...ETFs no Brasil - Startups)‚Ä†L181-L186„Äë
                                                   ‚Äì fintech, sendo um tem...
You may provide a definition with
\DeclareUnicodeCharacter 


c:/Users/Marcos/Documents/VS Code/etf/fintech-brasil/article-etf-fintech-brasil.tex:144: LaTeX Error: Unicode character „Äë (U+3011)
               not set up for use with LaTeX.

See the LaTeX manual or LaTeX Companion for explanation.
Type  H <return>  for immediate help.
 ...                                              
                                                  
l.144 ...ETFs no Brasil - Startups)‚Ä†L159-L167„Äë
                                                  , e que fintech √© um dos ...
You may provide a definition with
\DeclareUnicodeCharacter 


c:/Users/Marcos/Documents/VS Code/etf/fintech-brasil/article-etf-fintech-brasil.tex:146: LaTeX Error: Unicode character „Äë (U+3011)
               not set up for use with LaTeX.

See the LaTeX manual or LaTeX Companion for explanation.
Type  H <return>  for immediate help.
 ...                                              
                                                  
l.146 ...s mercados B2B ‚Äì ANBIMA)‚Ä†L223-L231„Äë
                                                  . Globalmente, a BCG proje...
You may provide a definition with
\DeclareUnicodeCharacter 


c:/Users/Marcos/Documents/VS Code/etf/fintech-brasil/article-etf-fintech-brasil.tex:146: LaTeX Error: Unicode character „Äë (U+3011)
               not set up for use with LaTeX.

See the LaTeX manual or LaTeX Companion for explanation.
Type  H <return>  for immediate help.
 ...                                              
                                                  
l.146 ...ntechs - Finsiders Brasil)‚Ä†L154-L162„Äë
                                                  . Isso implica um CAGR de ...
You may provide a definition with
\DeclareUnicodeCharacter 



[10]

c:/Users/Marcos/Documents/VS Code/etf/fintech-brasil/article-etf-fintech-brasil.tex:148: LaTeX Error: Unicode character „Äë (U+3011)
               not set up for use with LaTeX.

See the LaTeX manual or LaTeX Companion for explanation.
Type  H <return>  for immediate help.
 ...                                              
                                                  
l.148 ... ano at√© 2028 | McKinsey)67‚Ä†L42-L46„Äë
                                                   e alcan√ßarem parte do va...
You may provide a definition with
\DeclareUnicodeCharacter 


c:/Users/Marcos/Documents/VS Code/etf/fintech-brasil/article-etf-fintech-brasil.tex:150: LaTeX Error: Unicode character „Äë (U+3011)
               not set up for use with LaTeX.

See the LaTeX manual or LaTeX Companion for explanation.
Type  H <return>  for immediate help.
 ...                                              
                                                  
l.150 ...ro no primeiro semestre -)‚Ä†L146-L154„Äë
                                                  , indicando capacidade de ...
You may provide a definition with
\DeclareUnicodeCharacter 


c:/Users/Marcos/Documents/VS Code/etf/fintech-brasil/article-etf-fintech-brasil.tex:156: LaTeX Error: Unicode character „Äë (U+3011)
               not set up for use with LaTeX.

See the LaTeX manual or LaTeX Companion for explanation.
Type  H <return>  for immediate help.
 ...                                              
                                                  
l.156 ...z fiq (FinTech ETF (FINX))‚Ä†L268-L272„Äë
                                                   (estimativa baseada no FI...
You may provide a definition with
\DeclareUnicodeCharacter 


c:/Users/Marcos/Documents/VS Code/etf/fintech-brasil/article-etf-fintech-brasil.tex:157: LaTeX Error: Unicode character „Äë (U+3011)
               not set up for use with LaTeX.

See the LaTeX manual or LaTeX Companion for explanation.
Type  H <return>  for immediate help.
 ...                                              
                                                  
l.157 ... ano at√© 2028 | McKinsey)67‚Ä†L65-L72„Äë
                                                  , demonstrando sustentabil...
You may provide a definition with
\DeclareUnicodeCharacter 



[11]

c:/Users/Marcos/Documents/VS Code/etf/fintech-brasil/article-etf-fintech-brasil.tex:165: LaTeX Error: Unicode character „Äë (U+3011)
               not set up for use with LaTeX.

See the LaTeX manual or LaTeX Companion for explanation.
Type  H <return>  for immediate help.
 ...                                              
                                                  
l.165 ...ro no primeiro semestre -)‚Ä†L124-L132„Äë
                                                  ), mercado endere√ß√°vel g...
You may provide a definition with
\DeclareUnicodeCharacter 


c:/Users/Marcos/Documents/VS Code/etf/fintech-brasil/article-etf-fintech-brasil.tex:169: LaTeX Error: Unicode character üìà (U+1F4C8)
               not set up for use with LaTeX.

See the LaTeX manual or LaTeX Companion for explanation.
Type  H <return>  for immediate help.
 ...                                              
                                                  
l.169 ...{Visualiza√ß√µes e Gr√°ficos üìàüñ•Ô∏è}
                                                  
You may provide a definition with
\DeclareUnicodeCharacter 


c:/Users/Marcos/Documents/VS Code/etf/fintech-brasil/article-etf-fintech-brasil.tex:169: LaTeX Error: Unicode character üñ• (U+1F5A5)
               not set up for use with LaTeX.

See the LaTeX manual or LaTeX Companion for explanation.
Type  H <return>  for immediate help.
 ...                                              
                                                  
l.169 ...{Visualiza√ß√µes e Gr√°ficos üìàüñ•Ô∏è}
                                                  
You may provide a definition with
\DeclareUnicodeCharacter 


c:/Users/Marcos/Documents/VS Code/etf/fintech-brasil/article-etf-fintech-brasil.tex:169: LaTeX Error: Unicode character Ô∏è (U+FE0F)
               not set up for use with LaTeX.

See the LaTeX manual or LaTeX Companion for explanation.
Type  H <return>  for immediate help.
 ...                                              
                                                  
l.169 ...{Visualiza√ß√µes e Gr√°ficos üìàüñ•Ô∏è}
                                                  
You may provide a definition with
\DeclareUnicodeCharacter 


c:/Users/Marcos/Documents/VS Code/etf/fintech-brasil/article-etf-fintech-brasil.tex:174: LaTeX Error: Unicode character „Äë (U+3011)
               not set up for use with LaTeX.

See the LaTeX manual or LaTeX Companion for explanation.
Type  H <return>  for immediate help.
 ...                                              
                                                  
l.174 ...m em 10 anos - Startups)30‚Ä†L139-L147„Äë
                                                   ‚Äì evidenciando a concen...
You may provide a definition with
\DeclareUnicodeCharacter 



[12]

c:/Users/Marcos/Documents/VS Code/etf/fintech-brasil/article-etf-fintech-brasil.tex:176: LaTeX Error: Unicode character „Äë (U+3011)
               not set up for use with LaTeX.

See the LaTeX manual or LaTeX Companion for explanation.
Type  H <return>  for immediate help.
 ...                                              
                                                  
l.176 ...echs - Finsiders Brasil)27‚Ä†L124-L132„Äë
                                                  , indicando que foi um mov...
You may provide a definition with
\DeclareUnicodeCharacter 


c:/Users/Marcos/Documents/VS Code/etf/fintech-brasil/article-etf-fintech-brasil.tex:176: LaTeX Error: Unicode character „Äë (U+3011)
               not set up for use with LaTeX.

See the LaTeX manual or LaTeX Companion for explanation.
Type  H <return>  for immediate help.
 ...                                              
                                                  
l.176 ...m em 10 anos - Startups)30‚Ä†L161-L169„Äë
                                                  ). Essa visualiza√ß√£o tra...
You may provide a definition with
\DeclareUnicodeCharacter 


c:/Users/Marcos/Documents/VS Code/etf/fintech-brasil/article-etf-fintech-brasil.tex:182: LaTeX Error: Unicode character „Äë (U+3011)
               not set up for use with LaTeX.

See the LaTeX manual or LaTeX Companion for explanation.
Type  H <return>  for immediate help.
 ...                                              
                                                  
l.182 ...echs - Finsiders Brasil)29‚Ä†L154-L162„Äë
                                                  , praticamente uma parede ...
You may provide a definition with
\DeclareUnicodeCharacter 


c:/Users/Marcos/Documents/VS Code/etf/fintech-brasil/article-etf-fintech-brasil.tex:182: LaTeX Error: Unicode character „Äë (U+3011)
               not set up for use with LaTeX.

See the LaTeX manual or LaTeX Companion for explanation.
Type  H <return>  for immediate help.
 ...                                              
                                                  
l.182 ...echs - Finsiders Brasil)29‚Ä†L154-L162„Äë
                                                  , indicando que quem inves...
You may provide a definition with
\DeclareUnicodeCharacter 



[13]

LaTeX Warning: File `performance_simulada_placeholder.png' not found on input line 188.


c:/Users/Marcos/Documents/VS Code/etf/fintech-brasil/article-etf-fintech-brasil.tex:188: Package pdftex.def Error: File `performance_simulada_placeholder.png' not found: using draft setting.

See the pdftex.def package documentation for explanation.
Type  H <return>  for immediate help.
 ...                                              
                                                  
l.188 ...th]{performance_simulada_placeholder.png}
                                                  
Try typing  <return>  to proceed.
If that doesn't work, type  X <return>  to quit.


LaTeX Warning: File `projecao_crescimento_placeholder.png' not found on input line 196.


c:/Users/Marcos/Documents/VS Code/etf/fintech-brasil/article-etf-fintech-brasil.tex:196: Package pdftex.def Error: File `projecao_crescimento_placeholder.png' not found: using draft setting.

See the pdftex.def package documentation for explanation.
Type  H <return>  for immediate help.
 ...                                              
                                                  
l.196 ...th]{projecao_crescimento_placeholder.png}
                                                  
Try typing  <return>  to proceed.
If that doesn't work, type  X <return>  to quit.


LaTeX Warning: `!h' float specifier changed to `!ht'.



[14]

[15] (article-etf-fintech-brasil.aux)
 ***********
LaTeX2e <2024-11-01> patch level 1
L3 programming layer <2024-12-25>
 ***********


LaTeX Warning: Label(s) may have changed. Rerun to get cross-references right.


Package rerunfilecheck Warning: File `article-etf-fintech-brasil.out' has changed.
(rerunfilecheck)                Rerun to get outlines right
(rerunfilecheck)                or use package `bookmark'.

Package rerunfilecheck Info: Checksums for `article-etf-fintech-brasil.out':
(rerunfilecheck)             Before: <no file>
(rerunfilecheck)             After:  D41D8CD98F00B204E9800998ECF8427E;0.
 ) 
Here is how much of TeX's memory you used:
 10767 strings out of 473536
 170331 string characters out of 5714472
 562903 words of memory out of 5000000
 33814 multiletter control sequences out of 15000+600000
 589124 words of font info for 61 fonts, out of 8000000 for 9000
 1141 hyphenation exceptions out of 8191
 75i,6n,79p,2200b,539s stack positions out of 10000i,1000n,20000p,200000b,200000s
<C:/Users/Marcos/AppData/Local/Programs/MiKTeX/fonts/type1/public/lm/lmbx12.pfb><C:/Users/Marcos/AppData/Local/Programs/MiKTeX/fonts/type1/public/lm/lmmi12.pfb><C:/Users/Marcos/AppData/Local/Programs/MiKTeX/fonts/type1/public/lm/lmr12.pfb><C:/Users/Marcos/AppData/Local/Programs/MiKTeX/fonts/type1/public/lm/lmri12.pfb><C:/Users/Marcos/AppData/Local/Programs/MiKTeX/fonts/type1/public/lm/lmsy10.pfb><C:/Users/Marcos/AppData/Local/Programs/MiKTeX/fonts/type1/public/lm/lmtt12.pfb>
Output written on article-etf-fintech-brasil.pdf (15 pages, 180583 bytes).
PDF statistics:
 126 PDF objects out of 1000 (max. 8388607)
 26 named destinations out of 1000 (max. 500000)
 1 words of extra memory for PDF output out of 10000 (max. 10000000)

